<?xml version="1.0" encoding="UTF-8"?>
<!-- Generated by org.testng.reporters.JUnitReportReporter -->
<testsuite hostname="DESKTOP-M9ULESR" failures="0" tests="12" name="com.automationexercise.tests.TC_Ecom_Homepage_Test" time="177.727" errors="0" timestamp="2025-09-15T06:05:11 IST" skipped="0">
  <testcase classname="com.automationexercise.tests.TC_Ecom_Homepage_Test" name="TC04_VerifyCartIconVisibility" time="33.025"/>
  <testcase classname="com.automationexercise.tests.TC_Ecom_Homepage_Test" name="TC11_VerifyCategoryElementVisibility" time="14.297"/>
  <testcase classname="com.automationexercise.tests.TC_Ecom_Homepage_Test" name="TC11_VerifyFeatureItemElementVisibility" time="13.976"/>
  <testcase classname="com.automationexercise.tests.TC_Ecom_Homepage_Test" name="TC09_VerifyContactusIconVisibility" time="12.254"/>
  <testcase classname="com.automationexercise.tests.TC_Ecom_Homepage_Test" name="TC05_VerifSignupLoginIconVisibility" time="10.592"/>
  <testcase classname="com.automationexercise.tests.TC_Ecom_Homepage_Test" name="TC06_VerifyTestCasesIconVisibility" time="10.051"/>
  <testcase classname="com.automationexercise.tests.TC_Ecom_Homepage_Test" name="TC07_VerifyTestCasesIconVisibility" time="7.924"/>
  <testcase classname="com.automationexercise.tests.TC_Ecom_Homepage_Test" name="TC01_VerifyLogo" time="30.444"/>
  <testcase classname="com.automationexercise.tests.TC_Ecom_Homepage_Test" name="TC08_VerifyVideoTutorialsIconVisibility" time="7.820"/>
  <testcase classname="com.automationexercise.tests.TC_Ecom_Homepage_Test" name="TC02_VerifyHomeIconVisibility" time="8.033"/>
  <testcase classname="com.automationexercise.tests.TC_Ecom_Homepage_Test" name="TC03_VerifyProductIconVisibility" time="14.722"/>
  <testcase classname="com.automationexercise.tests.TC_Ecom_Homepage_Test" name="TC10_VerifyAPIListPracticeElementVisibility" time="14.589"/>
</testsuite> <!-- com.automationexercise.tests.TC_Ecom_Homepage_Test -->
