<?xml version="1.0" encoding="UTF-8"?>
<!-- Generated by org.testng.reporters.JUnitReportReporter -->
<testsuite hostname="DESKTOP-M9ULESR" failures="0" tests="1" name="com.automationexercise.tests.TC_Ecom_Homepage_UI_Test" time="60.410" errors="0" timestamp="2025-09-14T08:43:52 IST" skipped="0">
  <testcase classname="com.automationexercise.tests.TC_Ecom_Homepage_UI_Test" name="TC04_verifyProductButton" time="60.410"/>
</testsuite> <!-- com.automationexercise.tests.TC_Ecom_Homepage_UI_Test -->
