<?xml version="1.0" encoding="UTF-8"?>
<!-- Generated by org.testng.reporters.JUnitReportReporter -->
<testsuite hostname="DESKTOP-M9ULESR" failures="0" tests="2" name="com.automationexercise.tests.TC_Ecom_Cart_Functional_Test" time="53.609" errors="0" timestamp="2025-09-04T09:23:41 IST" skipped="0">
  <testcase classname="com.automationexercise.tests.TC_Ecom_Cart_Functional_Test" name="verifyNavigationToCartPage" time="27.640"/>
  <testcase classname="com.automationexercise.tests.TC_Ecom_Cart_Functional_Test" name="VerifyUrlNavigatesHomepage" time="25.969"/>
</testsuite> <!-- com.automationexercise.tests.TC_Ecom_Cart_Functional_Test -->
