<?xml version="1.0" encoding="UTF-8"?>
<!-- Generated by org.testng.reporters.JUnitReportReporter -->
<testsuite hostname="DESKTOP-M9ULESR" failures="0" tests="14" name="com.automationexercise.tests.TC_Ecom_Login_Signup_UI_Test1" time="956.808" errors="0" timestamp="2025-09-14T19:50:15 IST" skipped="0">
  <testcase classname="com.automationexercise.tests.TC_Ecom_Login_Signup_UI_Test1" name="TC04_VerifyLoginPasswordElement" time="32.584"/>
  <testcase classname="com.automationexercise.tests.TC_Ecom_Login_Signup_UI_Test1" name="TC09_VerifySignupButtonElement" time="50.822"/>
  <testcase classname="com.automationexercise.tests.TC_Ecom_Login_Signup_UI_Test1" name="TC14_VerifySignupLoginIconVisibility" time="109.709"/>
  <testcase classname="com.automationexercise.tests.TC_Ecom_Login_Signup_UI_Test1" name="TC05_VerifyLoginButtonElement" time="34.222"/>
  <testcase classname="com.automationexercise.tests.TC_Ecom_Login_Signup_UI_Test1" name="TC08_VerifySignupNameElement" time="119.103"/>
  <testcase classname="com.automationexercise.tests.TC_Ecom_Login_Signup_UI_Test1" name="TC07_VerifySignupEmailElement" time="20.211"/>
  <testcase classname="com.automationexercise.tests.TC_Ecom_Login_Signup_UI_Test1" name="TC11_VerifyHomeIconVisibility" time="31.682"/>
  <testcase classname="com.automationexercise.tests.TC_Ecom_Login_Signup_UI_Test1" name="TC02_VerifyLoginVisibilityMessage" time="142.818"/>
  <testcase classname="com.automationexercise.tests.TC_Ecom_Login_Signup_UI_Test1" name="TC10_VerifySignupTextElement" time="88.263"/>
  <testcase classname="com.automationexercise.tests.TC_Ecom_Login_Signup_UI_Test1" name="TC01_VerifyLogo" time="81.910"/>
  <testcase classname="com.automationexercise.tests.TC_Ecom_Login_Signup_UI_Test1" name="TC03_VerifyLoginEmailElement" time="14.800"/>
  <testcase classname="com.automationexercise.tests.TC_Ecom_Login_Signup_UI_Test1" name="TC06_VerifyORElement" time="76.460"/>
  <testcase classname="com.automationexercise.tests.TC_Ecom_Login_Signup_UI_Test1" name="TC12_VerifyProductIconVisibility" time="82.563"/>
  <testcase classname="com.automationexercise.tests.TC_Ecom_Login_Signup_UI_Test1" name="TC13_VerifyCartIconVisibility" time="71.661"/>
</testsuite> <!-- com.automationexercise.tests.TC_Ecom_Login_Signup_UI_Test1 -->
