<?xml version="1.0" encoding="UTF-8"?>
<!-- Generated by org.testng.reporters.JUnitReportReporter -->
<testsuite hostname="DESKTOP-M9ULESR" failures="0" tests="14" name="com.automationexercise.tests.TC_Ecom_Login_Signup_UT_Test1" time="296.151" errors="0" timestamp="2025-09-06T02:28:27 IST" skipped="0">
  <testcase classname="com.automationexercise.tests.TC_Ecom_Login_Signup_UT_Test1" name="TC07_VerifySignupEmailElement" time="18.224"/>
  <testcase classname="com.automationexercise.tests.TC_Ecom_Login_Signup_UT_Test1" name="TC06_VerifyORElement" time="17.924"/>
  <testcase classname="com.automationexercise.tests.TC_Ecom_Login_Signup_UT_Test1" name="TC05_VerifyLoginButtonElement" time="20.731"/>
  <testcase classname="com.automationexercise.tests.TC_Ecom_Login_Signup_UT_Test1" name="TC08_VerifySignupNameElement" time="22.630"/>
  <testcase classname="com.automationexercise.tests.TC_Ecom_Login_Signup_UT_Test1" name="TC13_VerifyCartIconVisibility" time="22.921"/>
  <testcase classname="com.automationexercise.tests.TC_Ecom_Login_Signup_UT_Test1" name="TC10_VerifySignupTextElement" time="18.349"/>
  <testcase classname="com.automationexercise.tests.TC_Ecom_Login_Signup_UT_Test1" name="TC02_VerifyLoginVisibilityMessage" time="15.746"/>
  <testcase classname="com.automationexercise.tests.TC_Ecom_Login_Signup_UT_Test1" name="TC14_VerifyCartIconVisibility" time="17.547"/>
  <testcase classname="com.automationexercise.tests.TC_Ecom_Login_Signup_UT_Test1" name="TC03_VerifyLoginEmailElement" time="13.113"/>
  <testcase classname="com.automationexercise.tests.TC_Ecom_Login_Signup_UT_Test1" name="TC12_VerifyProductIconVisibility" time="22.218"/>
  <testcase classname="com.automationexercise.tests.TC_Ecom_Login_Signup_UT_Test1" name="TC09_VerifySignupButtonElement" time="23.798"/>
  <testcase classname="com.automationexercise.tests.TC_Ecom_Login_Signup_UT_Test1" name="TC01_VerifyLogo" time="14.215"/>
  <testcase classname="com.automationexercise.tests.TC_Ecom_Login_Signup_UT_Test1" name="TC04_VerifyLoginPasswordElement" time="22.296"/>
  <testcase classname="com.automationexercise.tests.TC_Ecom_Login_Signup_UT_Test1" name="TC11_VerifyHomeIconVisibility" time="46.439"/>
</testsuite> <!-- com.automationexercise.tests.TC_Ecom_Login_Signup_UT_Test1 -->
