<?xml version="1.0" encoding="UTF-8"?>
<!-- Generated by org.testng.reporters.JUnitReportReporter -->
<testsuite hostname="DESKTOP-M9ULESR" failures="0" tests="10" name="com.automationexercise.tests.TC_Ecom_Contactus_Functional_Test2" time="357.873" errors="0" timestamp="2025-09-05T22:41:14 IST" skipped="0">
  <testcase classname="com.automationexercise.tests.TC_Ecom_Contactus_Functional_Test2" name="verifyFormWithpng" time="33.420"/>
  <testcase classname="com.automationexercise.tests.TC_Ecom_Contactus_Functional_Test2" name="verifyContactFormWithAllFieldsEmpty" time="16.060"/>
  <testcase classname="com.automationexercise.tests.TC_Ecom_Contactus_Functional_Test2" name="verifyContactFormWithLargeFileUpload" time="58.524"/>
  <testcase classname="com.automationexercise.tests.TC_Ecom_Contactus_Functional_Test2" name="verifyContactFormSubmissionwithLongMsg" time="51.009"/>
  <testcase classname="com.automationexercise.tests.TC_Ecom_Contactus_Functional_Test2" name="verifyContactFormSubmissionwithlongSub" time="27.504"/>
  <testcase classname="com.automationexercise.tests.TC_Ecom_Contactus_Functional_Test2" name="verifyContactFormWithSpecialCharSubMsg" time="34.139"/>
  <testcase classname="com.automationexercise.tests.TC_Ecom_Contactus_Functional_Test2" name="verifyContactFormWithNumericName" time="16.999"/>
  <testcase classname="com.automationexercise.tests.TC_Ecom_Contactus_Functional_Test2" name="verifyContactFormWithSpecialCharName" time="43.426"/>
  <testcase classname="com.automationexercise.tests.TC_Ecom_Contactus_Functional_Test2" name="VerifySubmitButton" time="20.779"/>
  <testcase classname="com.automationexercise.tests.TC_Ecom_Contactus_Functional_Test2" name="verifyFormSubmissionwithLongStr" time="56.013"/>
</testsuite> <!-- com.automationexercise.tests.TC_Ecom_Contactus_Functional_Test2 -->
