<?xml version="1.0" encoding="UTF-8"?>
<!-- Generated by org.testng.reporters.JUnitReportReporter -->
<testsuite hostname="DESKTOP-M9ULESR" failures="0" tests="16" name="com.automationexercise.tests.TC_Ecom_Homepage_UI_Test2" time="172.406" errors="0" timestamp="2025-09-09T15:39:50 IST" skipped="0">
  <testcase classname="com.automationexercise.tests.TC_Ecom_Homepage_UI_Test2" name="TC21_verifyValidSubscriptionMail" time="4.410"/>
  <testcase classname="com.automationexercise.tests.TC_Ecom_Homepage_UI_Test2" name="TC26_verifyEmptySubscriptionMail" time="8.231"/>
  <testcase classname="com.automationexercise.tests.TC_Ecom_Homepage_UI_Test2" name="TC22_verifySliderDots" time="10.738"/>
  <testcase classname="com.automationexercise.tests.TC_Ecom_Homepage_UI_Test2" name="TC28_verifyRecommendedCarouselForward" time="7.763"/>
  <testcase classname="com.automationexercise.tests.TC_Ecom_Homepage_UI_Test2" name="TC18_verifyRecommendedItems" time="4.200"/>
  <testcase classname="com.automationexercise.tests.TC_Ecom_Homepage_UI_Test2" name="TC20_verifySubscriptionDisplayed" time="8.814"/>
  <testcase classname="com.automationexercise.tests.TC_Ecom_Homepage_UI_Test2" name="TC29_verifyRecommendedCarouselBackward" time="10.568"/>
  <testcase classname="com.automationexercise.tests.TC_Ecom_Homepage_UI_Test2" name="TC30_verifyPageScrollUp" time="5.520"/>
  <testcase classname="com.automationexercise.tests.TC_Ecom_Homepage_UI_Test2" name="TC19_verifyRecommendedItemsDisplay" time="8.562"/>
  <testcase classname="com.automationexercise.tests.TC_Ecom_Homepage_UI_Test2" name="TC33_verifyPageScrollDown" time="3.706"/>
  <testcase classname="com.automationexercise.tests.TC_Ecom_Homepage_UI_Test2" name="TC24_verifyFeatureItemsDisplay" time="4.290"/>
  <testcase classname="com.automationexercise.tests.TC_Ecom_Homepage_UI_Test2" name="TC32_verifyCopyrightDisplayed" time="5.306"/>
  <testcase classname="com.automationexercise.tests.TC_Ecom_Homepage_UI_Test2" name="TC31_verifyAddToCartRecommended" time="6.434"/>
  <testcase classname="com.automationexercise.tests.TC_Ecom_Homepage_UI_Test2" name="TC23_verifyCategoryisDisplayed" time="6.033"/>
  <testcase classname="com.automationexercise.tests.TC_Ecom_Homepage_UI_Test2" name="TC25_verifyInvalidSubscriptionMail" time="36.554"/>
  <testcase classname="com.automationexercise.tests.TC_Ecom_Homepage_UI_Test2" name="TC27_verifySubscriptionArrowWorks" time="41.277"/>
</testsuite> <!-- com.automationexercise.tests.TC_Ecom_Homepage_UI_Test2 -->
