<?xml version="1.0" encoding="UTF-8"?>
<!-- Generated by org.testng.reporters.JUnitReportReporter -->
<testsuite hostname="DESKTOP-M9ULESR" failures="0" tests="11" name="com.automationexercise.tests.TC_Ecom_ContactUs_Functional_Test1" time="424.360" errors="0" timestamp="2025-09-14T21:48:17 IST" skipped="0">
  <testcase classname="com.automationexercise.tests.TC_Ecom_ContactUs_Functional_Test1" name="TC06_verifyContactFormWithoutEmail" time="65.037"/>
  <testcase classname="com.automationexercise.tests.TC_Ecom_ContactUs_Functional_Test1" name="TC05_verifyContactFormWithoutName" time="36.385"/>
  <testcase classname="com.automationexercise.tests.TC_Ecom_ContactUs_Functional_Test1" name="TC09_verifyContactFormWithoutMessage" time="39.788"/>
  <testcase classname="com.automationexercise.tests.TC_Ecom_ContactUs_Functional_Test1" name="TC04_verifyContactFormSubmissionWithoutFile" time="25.200"/>
  <testcase classname="com.automationexercise.tests.TC_Ecom_ContactUs_Functional_Test1" name="TC03_verifyContactFormSubmission" time="22.418"/>
  <testcase classname="com.automationexercise.tests.TC_Ecom_ContactUs_Functional_Test1" name="TC10_verifyContactFormCancelSubmission" time="17.210"/>
  <testcase classname="com.automationexercise.tests.TC_Ecom_ContactUs_Functional_Test1" name="TC01_VerifyUrlNavigatesHomepage" time="6.819"/>
  <testcase classname="com.automationexercise.tests.TC_Ecom_ContactUs_Functional_Test1" name="TC02_VerifyHomeNavigatesContactuspage" time="25.045"/>
  <testcase classname="com.automationexercise.tests.TC_Ecom_ContactUs_Functional_Test1" name="TC07_verifyContactFormWithInvalidEmail" time="14.042"/>
  <testcase classname="com.automationexercise.tests.TC_Ecom_ContactUs_Functional_Test1" name="TC08_verifyContactFormWithoutSubject" time="34.985"/>
  <testcase classname="com.automationexercise.tests.TC_Ecom_ContactUs_Functional_Test1" name="TC11_verifyHomeButtonFunctionality" time="137.431"/>
</testsuite> <!-- com.automationexercise.tests.TC_Ecom_ContactUs_Functional_Test1 -->
