<?xml version="1.0" encoding="UTF-8"?>
<!-- Generated by org.testng.reporters.JUnitReportReporter -->
<testsuite hostname="DESKTOP-M9ULESR" failures="0" tests="15" name="com.automationexercise.tests.TC_Ecom_Homepage_UI_Test2" time="323.349" errors="0" timestamp="2025-09-04T23:45:52 IST" skipped="0">
  <testcase classname="com.automationexercise.tests.TC_Ecom_Homepage_UI_Test2" name="TC26_verifyEmptySubscriptionMail" time="46.746"/>
  <testcase classname="com.automationexercise.tests.TC_Ecom_Homepage_UI_Test2" name="TC26_verifyCategoryExpansion" time="15.636"/>
  <testcase classname="com.automationexercise.tests.TC_Ecom_Homepage_UI_Test2" name="TC28_verifyCopyrightDisplayed" time="16.182"/>
  <testcase classname="com.automationexercise.tests.TC_Ecom_Homepage_UI_Test2" name="TC31_verifyAddToCartRecommended" time="3.876"/>
  <testcase classname="com.automationexercise.tests.TC_Ecom_Homepage_UI_Test2" name="TC23_verifySubscriptionDisplayed" time="28.737"/>
  <testcase classname="com.automationexercise.tests.TC_Ecom_Homepage_UI_Test2" name="TC30_verifyRecommendedCarouselBackward" time="11.004"/>
  <testcase classname="com.automationexercise.tests.TC_Ecom_Homepage_UI_Test2" name="TC32_verifyScrollUpButton" time="29.993"/>
  <testcase classname="com.automationexercise.tests.TC_Ecom_Homepage_UI_Test2" name="TC29_verifyInvalidSubscriptionMail" time="40.349"/>
  <testcase classname="com.automationexercise.tests.TC_Ecom_Homepage_UI_Test2" name="TC30_verifyRecommendedCarouselForward" time="9.925"/>
  <testcase classname="com.automationexercise.tests.TC_Ecom_Homepage_UI_Test2" name="TC27_verifyViewProductNavigation" time="28.315"/>
  <testcase classname="com.automationexercise.tests.TC_Ecom_Homepage_UI_Test2" name="TC22_verifyHoverEffectOnProduct" time="33.485"/>
  <testcase classname="com.automationexercise.tests.TC_Ecom_Homepage_UI_Test2" name="TC23_verifyRecommendedItems" time="9.900"/>
  <testcase classname="com.automationexercise.tests.TC_Ecom_Homepage_UI_Test2" name="TC25_verifySliderDots" time="11.104"/>
  <testcase classname="com.automationexercise.tests.TC_Ecom_Homepage_UI_Test2" name="TC24_verifyValidSubscriptionMail" time="12.471"/>
  <testcase classname="com.automationexercise.tests.TC_Ecom_Homepage_UI_Test2" name="TC27_verifySubscriptionArrowWorks" time="25.626"/>
</testsuite> <!-- com.automationexercise.tests.TC_Ecom_Homepage_UI_Test2 -->
