<?xml version="1.0" encoding="UTF-8"?>
<!-- Generated by org.testng.reporters.JUnitReportReporter -->
<testsuite hostname="DESKTOP-M9ULESR" failures="0" tests="13" name="com.automationexercise.tests.TC_Ecom_LoginSignup_UI_Test2" time="313.323" errors="0" timestamp="2025-09-14T20:17:44 IST" skipped="0">
  <testcase classname="com.automationexercise.tests.TC_Ecom_LoginSignup_UI_Test2" name="TC20_VerifySubscriptionEmailVisibility" time="7.561"/>
  <testcase classname="com.automationexercise.tests.TC_Ecom_LoginSignup_UI_Test2" name="TC18_VerifyContactusIconVisibility" time="10.627"/>
  <testcase classname="com.automationexercise.tests.TC_Ecom_LoginSignup_UI_Test2" name="TC19_VerifySubscriptionTextVisibility" time="4.190"/>
  <testcase classname="com.automationexercise.tests.TC_Ecom_LoginSignup_UI_Test2" name="TC23_VerifyCopyRightVisibility" time="22.160"/>
  <testcase classname="com.automationexercise.tests.TC_Ecom_LoginSignup_UI_Test2" name="TC26_VerifyColorStyle" time="8.628"/>
  <testcase classname="com.automationexercise.tests.TC_Ecom_LoginSignup_UI_Test2" name="TC21_VerifyParagraphTextVisibility" time="156.454"/>
  <testcase classname="com.automationexercise.tests.TC_Ecom_LoginSignup_UI_Test2" name="TC27_VerifyHoverEffectOnLoginButton" time="5.256"/>
  <testcase classname="com.automationexercise.tests.TC_Ecom_LoginSignup_UI_Test2" name="TC22_VerifArrowButtonVisibility" time="12.766"/>
  <testcase classname="com.automationexercise.tests.TC_Ecom_LoginSignup_UI_Test2" name="TC24_VerifyPlaceholderTextInputFields" time="13.436"/>
  <testcase classname="com.automationexercise.tests.TC_Ecom_LoginSignup_UI_Test2" name="TC17_VerifyVedioTutorialIconVisibility" time="17.597"/>
  <testcase classname="com.automationexercise.tests.TC_Ecom_LoginSignup_UI_Test2" name="TC16_VerifyApiTestingIconVisibility" time="11.334"/>
  <testcase classname="com.automationexercise.tests.TC_Ecom_LoginSignup_UI_Test2" name="TC15_VerifyTestCasesIconVisibility" time="11.420"/>
  <testcase classname="com.automationexercise.tests.TC_Ecom_LoginSignup_UI_Test2" name="TC25_VerifyAlignmentAndSpacing" time="31.894"/>
</testsuite> <!-- com.automationexercise.tests.TC_Ecom_LoginSignup_UI_Test2 -->
