<?xml version="1.0" encoding="UTF-8"?>
<!-- Generated by org.testng.reporters.JUnitReportReporter -->
<testsuite hostname="DESKTOP-M9ULESR" failures="0" tests="11" name="com.automationexercise.tests.TC_Ecom_ContactUs_Functional_Test" time="386.395" errors="0" timestamp="2025-09-05T19:44:38 IST" skipped="0">
  <testcase classname="com.automationexercise.tests.TC_Ecom_ContactUs_Functional_Test" name="VerifyHomeNavigatesContactuspage" time="38.829"/>
  <testcase classname="com.automationexercise.tests.TC_Ecom_ContactUs_Functional_Test" name="verifyContactFormCancelSubmission" time="23.006"/>
  <testcase classname="com.automationexercise.tests.TC_Ecom_ContactUs_Functional_Test" name="verifyContactFormWithoutMessage" time="31.535"/>
  <testcase classname="com.automationexercise.tests.TC_Ecom_ContactUs_Functional_Test" name="verifyContactFormWithoutName" time="39.101"/>
  <testcase classname="com.automationexercise.tests.TC_Ecom_ContactUs_Functional_Test" name="verifyContactFormWithInvalidEmail" time="19.087"/>
  <testcase classname="com.automationexercise.tests.TC_Ecom_ContactUs_Functional_Test" name="verifyContactFormSubmission" time="37.978"/>
  <testcase classname="com.automationexercise.tests.TC_Ecom_ContactUs_Functional_Test" name="verifyHomeButtonFunctionality" time="26.151"/>
  <testcase classname="com.automationexercise.tests.TC_Ecom_ContactUs_Functional_Test" name="verifyContactFormWithoutEmail" time="63.918"/>
  <testcase classname="com.automationexercise.tests.TC_Ecom_ContactUs_Functional_Test" name="verifyContactFormWithoutSubject" time="29.708"/>
  <testcase classname="com.automationexercise.tests.TC_Ecom_ContactUs_Functional_Test" name="VerifyUrlNavigatesHomepage" time="52.055"/>
  <testcase classname="com.automationexercise.tests.TC_Ecom_ContactUs_Functional_Test" name="verifyContactFormSubmissionWithoutFile" time="25.027"/>
</testsuite> <!-- com.automationexercise.tests.TC_Ecom_ContactUs_Functional_Test -->
