<?xml version="1.0" encoding="UTF-8"?>
<!-- Generated by org.testng.reporters.JUnitReportReporter -->
<testsuite hostname="DESKTOP-M9ULESR" failures="0" tests="14" name="com.automationexercise.tests.TC_Ecom_Homepage_Test2" time="110.868" errors="0" timestamp="2025-09-14T18:39:38 IST" skipped="0">
  <testcase classname="com.automationexercise.tests.TC_Ecom_Homepage_Test2" name="TC13_VerifyFeatureItemElementVisibility" time="6.691"/>
  <testcase classname="com.automationexercise.tests.TC_Ecom_Homepage_Test2" name="TC19_VerifyBackArrowElementVisibility" time="13.461"/>
  <testcase classname="com.automationexercise.tests.TC_Ecom_Homepage_Test2" name="TC24_VerifyCopyRightElementVisibility" time="8.377"/>
  <testcase classname="com.automationexercise.tests.TC_Ecom_Homepage_Test2" name="TC16_VerifyMenElementVisibility" time="8.569"/>
  <testcase classname="com.automationexercise.tests.TC_Ecom_Homepage_Test2" name="TC17_VerifyKidsElementVisibility" time="5.063"/>
  <testcase classname="com.automationexercise.tests.TC_Ecom_Homepage_Test2" name="TC18_VerifyRecommendedItemElementVisibility" time="3.409"/>
  <testcase classname="com.automationexercise.tests.TC_Ecom_Homepage_Test2" name="TC20_VerifyForwardArrowElementVisibility" time="8.751"/>
  <testcase classname="com.automationexercise.tests.TC_Ecom_Homepage_Test2" name="TC22_VerifySubscriptionElementVisibility" time="7.995"/>
  <testcase classname="com.automationexercise.tests.TC_Ecom_Homepage_Test2" name="TC15_VerifyWomenElementVisibility" time="4.392"/>
  <testcase classname="com.automationexercise.tests.TC_Ecom_Homepage_Test2" name="TC21_VerifyAddToCartElementVisibility" time="10.670"/>
  <testcase classname="com.automationexercise.tests.TC_Ecom_Homepage_Test2" name="TC14_VerifyBrandElementVisibility" time="11.914"/>
  <testcase classname="com.automationexercise.tests.TC_Ecom_Homepage_Test2" name="TC23_VerifySubscriptionTextBoxElementVisibility" time="9.066"/>
  <testcase classname="com.automationexercise.tests.TC_Ecom_Homepage_Test2" name="TC26_VerifySubscriptionArrowElementVisibility" time="6.766"/>
  <testcase classname="com.automationexercise.tests.TC_Ecom_Homepage_Test2" name="TC25_VerifyApplyCodeElementVisibility" time="5.744"/>
</testsuite> <!-- com.automationexercise.tests.TC_Ecom_Homepage_Test2 -->
