<?xml version="1.0" encoding="UTF-8"?>
<!-- Generated by org.testng.reporters.JUnitReportReporter -->
<testsuite hostname="DESKTOP-M9ULESR" failures="0" tests="3" name="com.automationexercise.tests.SignupTest" time="45.900" errors="0" timestamp="2025-09-02T08:20:08 IST" skipped="0">
  <testcase classname="com.automationexercise.tests.SignupTest" name="verifysignup" time="17.956"/>
  <testcase classname="com.automationexercise.tests.SignupTest" name="verifysignup" time="16.265"/>
  <testcase classname="com.automationexercise.tests.SignupTest" name="verifysignup" time="11.679"/>
</testsuite> <!-- com.automationexercise.tests.SignupTest -->
