<?xml version="1.0" encoding="UTF-8"?>
<!-- Generated by org.testng.reporters.JUnitReportReporter -->
<testsuite hostname="DESKTOP-M9ULESR" failures="0" tests="10" name="com.automationexercise.tests.TC_Page_test" time="409.903" errors="0" timestamp="2025-09-08T15:09:19 IST" skipped="0">
  <testcase classname="com.automationexercise.tests.TC_Page_test" name="TC04_verifyCartButton" time="20.087"/>
  <testcase classname="com.automationexercise.tests.TC_Page_test" name="TC07_verifyApiTestingButton" time="48.094"/>
  <testcase classname="com.automationexercise.tests.TC_Page_test" name="TC03_verifyProductsButton" time="60.130"/>
  <testcase classname="com.automationexercise.tests.TC_Page_test" name="TC01_verifyLogo" time="19.557"/>
  <testcase classname="com.automationexercise.tests.TC_Page_test" name="TC09_verifyContactUsButton" time="36.202"/>
  <testcase classname="com.automationexercise.tests.TC_Page_test" name="TC02_verifyHomeButton" time="24.473"/>
  <testcase classname="com.automationexercise.tests.TC_Page_test" name="TC06_verifyTestCasesButton" time="104.352"/>
  <testcase classname="com.automationexercise.tests.TC_Page_test" name="TC05_verifySignupLoginButton" time="62.654"/>
  <testcase classname="com.automationexercise.tests.TC_Page_test" name="TC08_verifyVideoTutorialsButton" time="15.414"/>
  <testcase classname="com.automationexercise.tests.TC_Page_test" name="TC10_verifyScrollBarPresent" time="18.940"/>
</testsuite> <!-- com.automationexercise.tests.TC_Page_test -->
