<?xml version="1.0" encoding="UTF-8"?>
<!-- Generated by org.testng.reporters.JUnitReportReporter -->
<testsuite hostname="DESKTOP-M9ULESR" failures="0" tests="1" name="com.automationexercise.tests.TC_Ecom_LoginSignup_UI_Test3" time="31.681" errors="0" timestamp="2025-09-06T04:51:32 IST" skipped="0">
  <testcase classname="com.automationexercise.tests.TC_Ecom_LoginSignup_UI_Test3" name="Tc_ecom_login_21" time="31.681"/>
</testsuite> <!-- com.automationexercise.tests.TC_Ecom_LoginSignup_UI_Test3 -->
