<?xml version="1.0" encoding="UTF-8"?>
<!-- Generated by org.testng.reporters.JUnitReportReporter -->
<testsuite hostname="DESKTOP-M9ULESR" failures="0" tests="9" name="com.automationexercise.tests.TC_Ecom_ContactUs_Functional_Test2" time="754.974" errors="0" timestamp="2025-09-14T19:27:49 IST" skipped="0">
  <testcase classname="com.automationexercise.tests.TC_Ecom_ContactUs_Functional_Test2" name="TC20_verifyContactFormWithLargeFileUpload" time="60.635"/>
  <testcase classname="com.automationexercise.tests.TC_Ecom_ContactUs_Functional_Test2" name="TC13_verifyContactFormWithSpecialCharName" time="40.017"/>
  <testcase classname="com.automationexercise.tests.TC_Ecom_ContactUs_Functional_Test2" name="TC15_verifyFormSubmissionwithLongStr" time="110.731"/>
  <testcase classname="com.automationexercise.tests.TC_Ecom_ContactUs_Functional_Test2" name="TC19_verifyFormWithpng" time="123.145"/>
  <testcase classname="com.automationexercise.tests.TC_Ecom_ContactUs_Functional_Test2" name="TC21_VerifySubmitButton" time="87.978"/>
  <testcase classname="com.automationexercise.tests.TC_Ecom_ContactUs_Functional_Test2" name="TC12_verifyContactFormWithNumericName" time="33.627"/>
  <testcase classname="com.automationexercise.tests.TC_Ecom_ContactUs_Functional_Test2" name="TC17_verifyContactFormSubmissionwithLongMsg" time="133.454"/>
  <testcase classname="com.automationexercise.tests.TC_Ecom_ContactUs_Functional_Test2" name="TC16_verifyContactFormSubmissionwithlongSub" time="137.405"/>
  <testcase classname="com.automationexercise.tests.TC_Ecom_ContactUs_Functional_Test2" name="TC18_verifyContactFormWithAllFieldsEmpty" time="27.982"/>
</testsuite> <!-- com.automationexercise.tests.TC_Ecom_ContactUs_Functional_Test2 -->
