<?xml version="1.0" encoding="UTF-8"?>
<!-- Generated by org.testng.reporters.JUnitReportReporter -->
<testsuite hostname="DESKTOP-M9ULESR" failures="0" tests="20" name="com.automationexercise.tests.TC_Ecom_Login_Functional_Test" time="429.988" errors="0" timestamp="2025-09-06T04:48:01 IST" skipped="0">
  <testcase classname="com.automationexercise.tests.TC_Ecom_Login_Functional_Test" name="Tc_ecom_login_02" time="29.114"/>
  <testcase classname="com.automationexercise.tests.TC_Ecom_Login_Functional_Test" name="Tc_ecom_login_07" time="20.988"/>
  <testcase classname="com.automationexercise.tests.TC_Ecom_Login_Functional_Test" name="Tc_ecom_login_10" time="17.350"/>
  <testcase classname="com.automationexercise.tests.TC_Ecom_Login_Functional_Test" name="Tc_ecom_login_13" time="19.398"/>
  <testcase classname="com.automationexercise.tests.TC_Ecom_Login_Functional_Test" name="Tc_ecom_login_19" time="17.041"/>
  <testcase classname="com.automationexercise.tests.TC_Ecom_Login_Functional_Test" name="Tc_ecom_login_04" time="21.794"/>
  <testcase classname="com.automationexercise.tests.TC_Ecom_Login_Functional_Test" name="Tc_ecom_login_15" time="13.379"/>
  <testcase classname="com.automationexercise.tests.TC_Ecom_Login_Functional_Test" name="Tc_ecom_login_18" time="18.061"/>
  <testcase classname="com.automationexercise.tests.TC_Ecom_Login_Functional_Test" name="Tc_ecom_login_03" time="32.916"/>
  <testcase classname="com.automationexercise.tests.TC_Ecom_Login_Functional_Test" name="Tc_ecom_login_05" time="21.251"/>
  <testcase classname="com.automationexercise.tests.TC_Ecom_Login_Functional_Test" name="Tc_ecom_login_09" time="13.648"/>
  <testcase classname="com.automationexercise.tests.TC_Ecom_Login_Functional_Test" name="Tc_ecom_login_12" time="31.401"/>
  <testcase classname="com.automationexercise.tests.TC_Ecom_Login_Functional_Test" name="Tc_ecom_login_06" time="20.121"/>
  <testcase classname="com.automationexercise.tests.TC_Ecom_Login_Functional_Test" name="Tc_ecom_login_22" time="33.199"/>
  <testcase classname="com.automationexercise.tests.TC_Ecom_Login_Functional_Test" name="Tc_ecom_login_08" time="15.256"/>
  <testcase classname="com.automationexercise.tests.TC_Ecom_Login_Functional_Test" name="Tc_ecom_login_14" time="17.175"/>
  <testcase classname="com.automationexercise.tests.TC_Ecom_Login_Functional_Test" name="Tc_ecom_login_20" time="15.775"/>
  <testcase classname="com.automationexercise.tests.TC_Ecom_Login_Functional_Test" name="Tc_ecom_login_01" time="26.247"/>
  <testcase classname="com.automationexercise.tests.TC_Ecom_Login_Functional_Test" name="Tc_ecom_login_11" time="21.673"/>
  <testcase classname="com.automationexercise.tests.TC_Ecom_Login_Functional_Test" name="Tc_ecom_login_21" time="24.201"/>
</testsuite> <!-- com.automationexercise.tests.TC_Ecom_Login_Functional_Test -->
