<?xml version="1.0" encoding="UTF-8"?>
<!-- Generated by org.testng.reporters.JUnitReportReporter -->
<testsuite hostname="DESKTOP-M9ULESR" failures="0" tests="19" name="com.automationexercise.tests.TC_Ecom_Homepage_UI_Test" time="460.616" errors="0" timestamp="2025-09-04T23:55:14 IST" skipped="0">
  <testcase classname="com.automationexercise.tests.TC_Ecom_Homepage_UI_Test" name="TC13_verifyAPIListProduct" time="17.711"/>
  <testcase classname="com.automationexercise.tests.TC_Ecom_Homepage_UI_Test" name="TC20_verifyViewProductRedirects" time="10.466"/>
  <testcase classname="com.automationexercise.tests.TC_Ecom_Homepage_UI_Test" name="TC11_verifyContactUs" time="6.983"/>
  <testcase classname="com.automationexercise.tests.TC_Ecom_Homepage_UI_Test" name="TC07_verifyLogin_SignUpButton" time="11.231"/>
  <testcase classname="com.automationexercise.tests.TC_Ecom_Homepage_UI_Test" name="TC09_verifyAPITesting" time="5.340"/>
  <testcase classname="com.automationexercise.tests.TC_Ecom_Homepage_UI_Test" name="TC17_verifyAddCartVisible" time="14.650"/>
  <testcase classname="com.automationexercise.tests.TC_Ecom_Homepage_UI_Test" name="TC18_verifycostproductisVisible" time="3.613"/>
  <testcase classname="com.automationexercise.tests.TC_Ecom_Homepage_UI_Test" name="TC06_verifyCartButton" time="22.735"/>
  <testcase classname="com.automationexercise.tests.TC_Ecom_Homepage_UI_Test" name="TC12_verifySideBar" time="6.215"/>
  <testcase classname="com.automationexercise.tests.TC_Ecom_Homepage_UI_Test" name="TC10_verifyVideoTutorials" time="17.205"/>
  <testcase classname="com.automationexercise.tests.TC_Ecom_Homepage_UI_Test" name="TC04_verifyHomeButton" time="81.700"/>
  <testcase classname="com.automationexercise.tests.TC_Ecom_Homepage_UI_Test" name="TC15_verifyBrands" time="10.481"/>
  <testcase classname="com.automationexercise.tests.TC_Ecom_Homepage_UI_Test" name="TC02_verifyLogo" time="7.872"/>
  <testcase classname="com.automationexercise.tests.TC_Ecom_Homepage_UI_Test" name="TC14_verifyCategories" time="35.025"/>
  <testcase classname="com.automationexercise.tests.TC_Ecom_Homepage_UI_Test" name="TC05_verifyProductButton" time="87.745"/>
  <testcase classname="com.automationexercise.tests.TC_Ecom_Homepage_UI_Test" name="TC16_verifyandClickFeaturedItems" time="9.646"/>
  <testcase classname="com.automationexercise.tests.TC_Ecom_Homepage_UI_Test" name="TC04_verifyHomeButtonlogo" time="21.365"/>
  <testcase classname="com.automationexercise.tests.TC_Ecom_Homepage_UI_Test" name="TC84_verifyTestCases" time="33.011"/>
  <testcase classname="com.automationexercise.tests.TC_Ecom_Homepage_UI_Test" name="TC01_NavigateHomepage" time="57.622"/>
</testsuite> <!-- com.automationexercise.tests.TC_Ecom_Homepage_UI_Test -->
