<?xml version="1.0" encoding="UTF-8"?>
<!-- Generated by org.testng.reporters.JUnitReportReporter -->
<testsuite hostname="DESKTOP-M9ULESR" failures="0" tests="14" name="com.automationexercise.tests.TC_Ecom_Login_Signup_UT_Test1" time="266.412" errors="0" timestamp="2025-09-09T15:11:23 IST" skipped="0">
  <testcase classname="com.automationexercise.tests.TC_Ecom_Login_Signup_UT_Test1" name="TC04_VerifyLoginPasswordElement" time="17.096"/>
  <testcase classname="com.automationexercise.tests.TC_Ecom_Login_Signup_UT_Test1" name="TC02_VerifyLoginVisibilityMessage" time="22.607"/>
  <testcase classname="com.automationexercise.tests.TC_Ecom_Login_Signup_UT_Test1" name="TC03_VerifyLoginEmailElement" time="21.541"/>
  <testcase classname="com.automationexercise.tests.TC_Ecom_Login_Signup_UT_Test1" name="TC11_VerifyHomeIconVisibility" time="7.784"/>
  <testcase classname="com.automationexercise.tests.TC_Ecom_Login_Signup_UT_Test1" name="TC05_VerifyLoginButtonElement" time="45.481"/>
  <testcase classname="com.automationexercise.tests.TC_Ecom_Login_Signup_UT_Test1" name="TC07_VerifySignupEmailElement" time="21.569"/>
  <testcase classname="com.automationexercise.tests.TC_Ecom_Login_Signup_UT_Test1" name="TC06_VerifyORElement" time="14.571"/>
  <testcase classname="com.automationexercise.tests.TC_Ecom_Login_Signup_UT_Test1" name="TC08_VerifySignupNameElement" time="13.144"/>
  <testcase classname="com.automationexercise.tests.TC_Ecom_Login_Signup_UT_Test1" name="TC14_VerifySignupLoginIconVisibility" time="5.795"/>
  <testcase classname="com.automationexercise.tests.TC_Ecom_Login_Signup_UT_Test1" name="TC13_VerifyCartIconVisibility" time="13.727"/>
  <testcase classname="com.automationexercise.tests.TC_Ecom_Login_Signup_UT_Test1" name="TC09_VerifySignupButtonElement" time="37.436"/>
  <testcase classname="com.automationexercise.tests.TC_Ecom_Login_Signup_UT_Test1" name="TC12_VerifyProductIconVisibility" time="12.743"/>
  <testcase classname="com.automationexercise.tests.TC_Ecom_Login_Signup_UT_Test1" name="TC01_VerifyLogo" time="6.869"/>
  <testcase classname="com.automationexercise.tests.TC_Ecom_Login_Signup_UT_Test1" name="TC10_VerifySignupTextElement" time="26.049"/>
</testsuite> <!-- com.automationexercise.tests.TC_Ecom_Login_Signup_UT_Test1 -->
