<?xml version="1.0" encoding="UTF-8"?>
<!-- Generated by org.testng.reporters.JUnitReportReporter -->
<testsuite hostname="DESKTOP-M9ULESR" failures="0" tests="13" name="com.automationexercise.tests.TC_Ecom_LoginSignup_UI_Test2" time="201.293" errors="0" timestamp="2025-09-06T05:05:53 IST" skipped="0">
  <testcase classname="com.automationexercise.tests.TC_Ecom_LoginSignup_UI_Test2" name="TC21_VerifyParagraphTextVisibility" time="13.953"/>
  <testcase classname="com.automationexercise.tests.TC_Ecom_LoginSignup_UI_Test2" name="TC20_VerifySubscriptionEmailVisibility" time="15.047"/>
  <testcase classname="com.automationexercise.tests.TC_Ecom_LoginSignup_UI_Test2" name="TC26_VerifyColorStyle" time="10.907"/>
  <testcase classname="com.automationexercise.tests.TC_Ecom_LoginSignup_UI_Test2" name="TC22_VerifArrowButtonVisibility" time="12.945"/>
  <testcase classname="com.automationexercise.tests.TC_Ecom_LoginSignup_UI_Test2" name="TC16_VerifyApiTestingIconVisibility" time="10.677"/>
  <testcase classname="com.automationexercise.tests.TC_Ecom_LoginSignup_UI_Test2" name="TC19_VerifySubscriptionTextVisibility" time="11.407"/>
  <testcase classname="com.automationexercise.tests.TC_Ecom_LoginSignup_UI_Test2" name="TC17_VerifyVedioTutorialIconVisibility" time="17.702"/>
  <testcase classname="com.automationexercise.tests.TC_Ecom_LoginSignup_UI_Test2" name="TC25_VerifyAlignmentAndSpacing" time="15.151"/>
  <testcase classname="com.automationexercise.tests.TC_Ecom_LoginSignup_UI_Test2" name="TC23_VerifyCopyRightVisibility" time="18.831"/>
  <testcase classname="com.automationexercise.tests.TC_Ecom_LoginSignup_UI_Test2" name="TC15_VerifyTestCasesIconVisibility" time="13.719"/>
  <testcase classname="com.automationexercise.tests.TC_Ecom_LoginSignup_UI_Test2" name="TC27_VerifyHoverEffectOnLoginButton" time="18.949"/>
  <testcase classname="com.automationexercise.tests.TC_Ecom_LoginSignup_UI_Test2" name="TC18_VerifyContactusIconVisibility" time="24.535"/>
  <testcase classname="com.automationexercise.tests.TC_Ecom_LoginSignup_UI_Test2" name="TC24_VerifyPlaceholderTextInputFields" time="17.470"/>
</testsuite> <!-- com.automationexercise.tests.TC_Ecom_LoginSignup_UI_Test2 -->
